<?xml version="1.0" encoding="UTF-8"?>
<!-- Generated by org.testng.reporters.JUnitXMLReporter -->
<testsuite ignored="0" hostname="LAPTOP-3C40GAA7" failures="0" tests="8" name="Default test" time="27.859" errors="0" timestamp="2023-05-15T20:29:50 COT">
  <testcase classname="Tests.ADKFormTestCases" name="requiredFirstName" time="2.18"/>
  <testcase classname="Tests.ADKFormTestCases" name="requiredLastName" time="1.572"/>
  <testcase classname="Tests.ADKFormTestCases" name="requiredEmail" time="1.558"/>
  <testcase classname="Tests.ADKFormTestCases" name="emailInvalidFormat" time="1.596"/>
  <testcase classname="Tests.ADKFormTestCases" name="requiredCompany" time="1.556"/>
  <testcase classname="Tests.ADKFormTestCases" name="phoneNotRequired" time="4.4"/>
  <testcase classname="Tests.ADKFormTestCases" name="messageNotRequired" time="3.071"/>
  <testcase classname="Tests.ADKFormTestCases" name="allFieldsFilledOut" time="2.917"/>
</testsuite> <!-- Default test -->
