<?xml version="1.0" encoding="UTF-8"?>
<testng-results ignored="0" total="8" passed="8" failed="0" skipped="0">
  <reporter-output>
  </reporter-output>
  <suite started-at="2023-05-15T20:29:23 COT" name="Default suite" finished-at="2023-05-15T20:29:50 COT" duration-ms="27859">
    <groups>
    </groups>
    <test started-at="2023-05-15T20:29:23 COT" name="Default test" finished-at="2023-05-15T20:29:50 COT" duration-ms="27859">
      <class name="Tests.ADKFormTestCases">
        <test-method is-config="true" signature="setUp()[pri:0, instance:Tests.ADKFormTestCases@4802796d]" started-at="2023-05-15T20:29:23 COT" name="setUp" finished-at="2023-05-15T20:29:26 COT" duration-ms="3784" status="PASS">
          <reporter-output>
          </reporter-output>
        </test-method> <!-- setUp -->
        <test-method signature="requiredFirstName()[pri:1, instance:Tests.ADKFormTestCases@4802796d]" started-at="2023-05-15T20:29:26 COT" name="requiredFirstName" finished-at="2023-05-15T20:29:29 COT" duration-ms="2180" status="PASS">
          <reporter-output>
          </reporter-output>
        </test-method> <!-- requiredFirstName -->
        <test-method is-config="true" signature="setUp()[pri:0, instance:Tests.ADKFormTestCases@4802796d]" started-at="2023-05-15T20:29:29 COT" name="setUp" finished-at="2023-05-15T20:29:29 COT" duration-ms="781" status="PASS">
          <reporter-output>
          </reporter-output>
        </test-method> <!-- setUp -->
        <test-method signature="requiredLastName()[pri:2, instance:Tests.ADKFormTestCases@4802796d]" started-at="2023-05-15T20:29:29 COT" name="requiredLastName" finished-at="2023-05-15T20:29:31 COT" duration-ms="1572" status="PASS">
          <reporter-output>
          </reporter-output>
        </test-method> <!-- requiredLastName -->
        <test-method is-config="true" signature="setUp()[pri:0, instance:Tests.ADKFormTestCases@4802796d]" started-at="2023-05-15T20:29:31 COT" name="setUp" finished-at="2023-05-15T20:29:31 COT" duration-ms="506" status="PASS">
          <reporter-output>
          </reporter-output>
        </test-method> <!-- setUp -->
        <test-method signature="requiredEmail()[pri:3, instance:Tests.ADKFormTestCases@4802796d]" started-at="2023-05-15T20:29:31 COT" name="requiredEmail" finished-at="2023-05-15T20:29:33 COT" duration-ms="1558" status="PASS">
          <reporter-output>
          </reporter-output>
        </test-method> <!-- requiredEmail -->
        <test-method is-config="true" signature="setUp()[pri:0, instance:Tests.ADKFormTestCases@4802796d]" started-at="2023-05-15T20:29:33 COT" name="setUp" finished-at="2023-05-15T20:29:34 COT" duration-ms="698" status="PASS">
          <reporter-output>
          </reporter-output>
        </test-method> <!-- setUp -->
        <test-method signature="emailInvalidFormat()[pri:4, instance:Tests.ADKFormTestCases@4802796d]" started-at="2023-05-15T20:29:34 COT" name="emailInvalidFormat" finished-at="2023-05-15T20:29:35 COT" duration-ms="1596" status="PASS">
          <reporter-output>
          </reporter-output>
        </test-method> <!-- emailInvalidFormat -->
        <test-method is-config="true" signature="setUp()[pri:0, instance:Tests.ADKFormTestCases@4802796d]" started-at="2023-05-15T20:29:35 COT" name="setUp" finished-at="2023-05-15T20:29:36 COT" duration-ms="737" status="PASS">
          <reporter-output>
          </reporter-output>
        </test-method> <!-- setUp -->
        <test-method signature="requiredCompany()[pri:5, instance:Tests.ADKFormTestCases@4802796d]" started-at="2023-05-15T20:29:36 COT" name="requiredCompany" finished-at="2023-05-15T20:29:38 COT" duration-ms="1556" status="PASS">
          <reporter-output>
          </reporter-output>
        </test-method> <!-- requiredCompany -->
        <test-method is-config="true" signature="setUp()[pri:0, instance:Tests.ADKFormTestCases@4802796d]" started-at="2023-05-15T20:29:38 COT" name="setUp" finished-at="2023-05-15T20:29:38 COT" duration-ms="816" status="PASS">
          <reporter-output>
          </reporter-output>
        </test-method> <!-- setUp -->
        <test-method signature="phoneNotRequired()[pri:6, instance:Tests.ADKFormTestCases@4802796d]" started-at="2023-05-15T20:29:38 COT" name="phoneNotRequired" finished-at="2023-05-15T20:29:43 COT" duration-ms="4400" status="PASS">
          <reporter-output>
          </reporter-output>
        </test-method> <!-- phoneNotRequired -->
        <test-method is-config="true" signature="setUp()[pri:0, instance:Tests.ADKFormTestCases@4802796d]" started-at="2023-05-15T20:29:43 COT" name="setUp" finished-at="2023-05-15T20:29:43 COT" duration-ms="617" status="PASS">
          <reporter-output>
          </reporter-output>
        </test-method> <!-- setUp -->
        <test-method signature="messageNotRequired()[pri:7, instance:Tests.ADKFormTestCases@4802796d]" started-at="2023-05-15T20:29:43 COT" name="messageNotRequired" finished-at="2023-05-15T20:29:46 COT" duration-ms="3071" status="PASS">
          <reporter-output>
          </reporter-output>
        </test-method> <!-- messageNotRequired -->
        <test-method is-config="true" signature="setUp()[pri:0, instance:Tests.ADKFormTestCases@4802796d]" started-at="2023-05-15T20:29:46 COT" name="setUp" finished-at="2023-05-15T20:29:47 COT" duration-ms="834" status="PASS">
          <reporter-output>
          </reporter-output>
        </test-method> <!-- setUp -->
        <test-method signature="allFieldsFilledOut()[pri:8, instance:Tests.ADKFormTestCases@4802796d]" started-at="2023-05-15T20:29:47 COT" name="allFieldsFilledOut" finished-at="2023-05-15T20:29:50 COT" duration-ms="2917" status="PASS">
          <reporter-output>
          </reporter-output>
        </test-method> <!-- allFieldsFilledOut -->
        <test-method is-config="true" signature="tearDown()[pri:0, instance:Tests.ADKFormTestCases@4802796d]" started-at="2023-05-15T20:29:50 COT" name="tearDown" finished-at="2023-05-15T20:29:50 COT" duration-ms="189" status="PASS">
          <reporter-output>
          </reporter-output>
        </test-method> <!-- tearDown -->
      </class> <!-- Tests.ADKFormTestCases -->
    </test> <!-- Default test -->
  </suite> <!-- Default suite -->
</testng-results>
